---- Iteration 0 ----
cur chal: b'\x00\x00\x00\x00\x00\x00\x00\x00\x00\x00\x00\x00\x00\x00\x00\x00\x00\x00\x00\x00\x00\x00\x00\x00\x00\x00\x00\x00\x00\x00\x00\x00'

---- (3) Reading ACFA Report from Prv ----
prv_mac: b'4\xfc\x85zO6J\xb6\xd7\xa2\xd20\x80c\x8e]k\xc4\x03V\x11\x9d\x9e\x82\x89\xd4r\xed\xc5So4' (<class 'bytes'>)
prv_meta: b'\x00\x00\x00\x00\x02\x00' (<class 'bytes'>)
metadata: [b'\x00', b'\x00', b'\x00', b'\x00', b'\x02', b'\x00']
prv_log_ptr: 2 (<class 'int'>)
prv_cflog: b'@\xe0\x00\xa0' (<class 'bytes'>)
4
4
----- parsing message: create 0.cflog -----
4
2
e040:a000

---- (4) Verify ACFA Report ----
-- Comparing MACs
-- hmac(k,
--      pmem,
--      chal,
--      metadata,
--      cflog
--      )
Expected MAC: b'4\xfc\x85zO6J\xb6\xd7\xa2\xd20\x80c\x8e]k\xc4\x03V\x11\x9d\x9e\x82\x89\xd4r\xed\xc5So4'
mac   prv_mac
b'4'   b'4'
b'\xfc'   b'\xfc'
b'\x85'   b'\x85'
b'z'   b'z'
b'O'   b'O'
b'6'   b'6'
b'J'   b'J'
b'\xb6'   b'\xb6'
b'\xd7'   b'\xd7'
b'\xa2'   b'\xa2'
b'\xd2'   b'\xd2'
b'0'   b'0'
b'\x80'   b'\x80'
b'c'   b'c'
b'\x8e'   b'\x8e'
b']'   b']'
b'k'   b'k'
b'\xc4'   b'\xc4'
b'\x03'   b'\x03'
b'V'   b'V'
b'\x11'   b'\x11'
b'\x9d'   b'\x9d'
b'\x9e'   b'\x9e'
b'\x82'   b'\x82'
b'\x89'   b'\x89'
b'\xd4'   b'\xd4'
b'r'   b'r'
b'\xed'   b'\xed'
b'\xc5'   b'\xc5'
b'S'   b'S'
b'o'   b'o'
b'4'   b'4'
Pass Verification (app=1)
---- (5) Generate Chal' and Auth ----

---- (6) Send ACFA response ----
echo (app): b'\x01'
new_chal: b'ABCDEFGHIJKLMNOPQRSTUVWXYZ[\\]^_`'
echo (prv_chal): 
b'ABCDEFGHIJKLMNOPQRSTUVWXYZ[\\]^_`' (<class 'bytes'>)
echo (aermin): b'\xe0\x00' (<class 'bytes'>)
expected (aermin) b'\xe0\x00'

echo (aermax): b'\xe2J' (<class 'bytes'>)
expected (aermax) b'\xe2J'

auth: b"\xb3\x86:\xea\xb2\x0b\xcf?ne%\xa3;+`whj7\t):\x81\xeb'\x99UGX\xc3;D"
echo (auth): b"\xb3\x86:\xea\xb2\x0b\xcf?ne%\xa3;+`whj7\t):\x81\xeb'\x99UGX\xc3;D" (<class 'bytes'>)
expected (auth) b"\xb3\x86:\xea\xb2\x0b\xcf?ne%\xa3;+`whj7\t):\x81\xeb'\x99UGX\xc3;D"

prv auth: 
b"\xb3\x86:\xea\xb2\x0b\xcf?ne%\xa3;+`whj7\t):\x81\xeb'\x99UGX\xc3;D" (<class 'bytes'>)
Prv ACCEPTS response from Vrf
out: b'\x01'
echo old (*(CHAL_BASE)): b'\x00\x00\x00\x00\x00\x00\x00\x00\x00\x00\x00\x00\x00\x00\x00\x00\x00\x00\x00\x00\x00\x00\x00\x00\x00\x00\x00\x00\x00\x00\x00\x00' (<class 'bytes'>)

echo (*(CHAL_BASE)): b'ABCDEFGHIJKLMNOPQRSTUVWXYZ[\\]^_`' (<class 'bytes'>)
expected (*(CHAL_BASE)): b'ABCDEFGHIJKLMNOPQRSTUVWXYZ[\\]^_`'
echo (pmem[0:15]): b'UB \x015\xd0\x08Z\x82E\x0e\x181@\x80' (<class 'bytes'>)

------------------- ROUND TIMING (S) ---------------------------
Steps 1-3:	Receive initial response (P --> V): 0.04789170699996248
   Step 4:	Vrf runs verification: 0.0012565810002342914
		--Parse & verify CF-Log: 0.0010448010002619412
		--Verify hmac: 0.0002117799999723502
   Step 5:	Vrf Generate & response : 5.034500009060139e-05
   Step 6:	Vrf Send response (V --> P): 0.2064984700000423
Steps 7-9:	Prv authenticate and decide next action: 0.0960731529999066
Elapsed time: 0.25569710300032966
last=False
----------------------------------------------------------------
 
---- Iteration 1 ----
cur chal: b'ABCDEFGHIJKLMNOPQRSTUVWXYZ[\\]^_`'
