---- Iteration 0 ----
cur chal: b'\x00\x00\x00\x00\x00\x00\x00\x00\x00\x00\x00\x00\x00\x00\x00\x00\x00\x00\x00\x00\x00\x00\x00\x00\x00\x00\x00\x00\x00\x00\x00\x00'

---- (3) Reading ACFA Report from Prv ----
prv_mac: b'<\xbde\x9ek\xd5{\x9e\x9e\xdc\xa6t[\xcf\r\x93\x9e3\x82\x8a\x07n\xb2\xd1t\xb1\xa6V\xf2\xd2F\x90' (<class 'bytes'>)
prv_meta: b'\x00\x00\x00\x00\x02\x00' (<class 'bytes'>)
metadata: [b'\x00', b'\x00', b'\x00', b'\x00', b'\x02', b'\x00']
prv_log_ptr: 2 (<class 'int'>)
prv_cflog: b'@\xe0\x00\xa0' (<class 'bytes'>)
4
4
----- parsing message: create 0.cflog -----
4
2
e040:a000

---- (4) Verify ACFA Report ----
-- Comparing MACs
-- hmac(k,
--      pmem,
--      chal,
--      metadata,
--      cflog
--      )
Expected MAC: b'<\xbde\x9ek\xd5{\x9e\x9e\xdc\xa6t[\xcf\r\x93\x9e3\x82\x8a\x07n\xb2\xd1t\xb1\xa6V\xf2\xd2F\x90'
mac   prv_mac
b'<'   b'<'
b'\xbd'   b'\xbd'
b'e'   b'e'
b'\x9e'   b'\x9e'
b'k'   b'k'
b'\xd5'   b'\xd5'
b'{'   b'{'
b'\x9e'   b'\x9e'
b'\x9e'   b'\x9e'
b'\xdc'   b'\xdc'
b'\xa6'   b'\xa6'
b't'   b't'
b'['   b'['
b'\xcf'   b'\xcf'
b'\r'   b'\r'
b'\x93'   b'\x93'
b'\x9e'   b'\x9e'
b'3'   b'3'
b'\x82'   b'\x82'
b'\x8a'   b'\x8a'
b'\x07'   b'\x07'
b'n'   b'n'
b'\xb2'   b'\xb2'
b'\xd1'   b'\xd1'
b't'   b't'
b'\xb1'   b'\xb1'
b'\xa6'   b'\xa6'
b'V'   b'V'
b'\xf2'   b'\xf2'
b'\xd2'   b'\xd2'
b'F'   b'F'
b'\x90'   b'\x90'
Pass Verification (app=1)
---- (5) Generate Chal' and Auth ----

---- (6) Send ACFA response ----
echo (app): b'\x01'
new_chal: b'ABCDEFGHIJKLMNOPQRSTUVWXYZ[\\]^_`'
echo (prv_chal): 
b'ABCDEFGHIJKLMNOPQRSTUVWXYZ[\\]^_`' (<class 'bytes'>)
echo (aermin): b'\xe0\x00' (<class 'bytes'>)
expected (aermin) b'\xe0\x00'

echo (aermax): b'\xe2J' (<class 'bytes'>)
expected (aermax) b'\xe2J'

auth: b"\xb3\x86:\xea\xb2\x0b\xcf?ne%\xa3;+`whj7\t):\x81\xeb'\x99UGX\xc3;D"
echo (auth): b"\xb3\x86:\xea\xb2\x0b\xcf?ne%\xa3;+`whj7\t):\x81\xeb'\x99UGX\xc3;D" (<class 'bytes'>)
expected (auth) b"\xb3\x86:\xea\xb2\x0b\xcf?ne%\xa3;+`whj7\t):\x81\xeb'\x99UGX\xc3;D"

prv auth: 
b"\xb3\x86:\xea\xb2\x0b\xcf?ne%\xa3;+`whj7\t):\x81\xeb'\x99UGX\xc3;D" (<class 'bytes'>)
Prv ACCEPTS response from Vrf
out: b'\x01'
echo old (*(CHAL_BASE)): b'\x00\x00\x00\x00\x00\x00\x00\x00\x00\x00\x00\x00\x00\x00\x00\x00\x00\x00\x00\x00\x00\x00\x00\x00\x00\x00\x00\x00\x00\x00\x00\x00' (<class 'bytes'>)

echo (*(CHAL_BASE)): b'ABCDEFGHIJKLMNOPQRSTUVWXYZ[\\]^_`' (<class 'bytes'>)
expected (*(CHAL_BASE)): b'ABCDEFGHIJKLMNOPQRSTUVWXYZ[\\]^_`'
echo (pmem[0:15]): b'UB \x015\xd0\x08Z\x82E\x80\x181@' (<class 'bytes'>)

------------------- ROUND TIMING (S) ---------------------------
Steps 1-3:	Receive initial response (P --> V): 0.04799491500034492
   Step 4:	Vrf runs verification: 0.0026052619996335125
		--Parse & verify CF-Log: 0.002284602999679919
		--Verify hmac: 0.0003206589999535936
   Step 5:	Vrf Generate & response : 5.129900000611087e-05
   Step 6:	Vrf Send response (V --> P): 0.20507693500030655
Steps 7-9:	Prv authenticate and decide next action: 0.0961901690002378
Elapsed time: 0.2557284110002911
last=False
----------------------------------------------------------------
 
---- Iteration 1 ----
cur chal: b'ABCDEFGHIJKLMNOPQRSTUVWXYZ[\\]^_`'
