---- Iteration 0 ----
cur chal: b'\x00\x00\x00\x00\x00\x00\x00\x00\x00\x00\x00\x00\x00\x00\x00\x00\x00\x00\x00\x00\x00\x00\x00\x00\x00\x00\x00\x00\x00\x00\x00\x00'

---- (3) Reading ACFA Report from Prv ----
prv_mac: b'\x8a\xf2\x0by+\xf9\x98\xb0_E2\xeb\xd1%|d\x99\x96iB\xff#\xd1\xfb1\x8d\x0bf\x83\x016\xb7' (<class 'bytes'>)
prv_meta: b'\x00\x00\x00\x00\x02\x00' (<class 'bytes'>)
metadata: [b'\x00', b'\x00', b'\x00', b'\x00', b'\x02', b'\x00']
prv_log_ptr: 2 (<class 'int'>)
prv_cflog: b'@\xe0\x00\xa0' (<class 'bytes'>)
4
4
----- parsing message: create 0.cflog -----
4
2
e040:a000

---- (4) Verify ACFA Report ----
-- Comparing MACs
-- hmac(k,
--      pmem,
--      chal,
--      metadata,
--      cflog
--      )
Expected MAC: b'\x8a\xf2\x0by+\xf9\x98\xb0_E2\xeb\xd1%|d\x99\x96iB\xff#\xd1\xfb1\x8d\x0bf\x83\x016\xb7'
mac   prv_mac
b'\x8a'   b'\x8a'
b'\xf2'   b'\xf2'
b'\x0b'   b'\x0b'
b'y'   b'y'
b'+'   b'+'
b'\xf9'   b'\xf9'
b'\x98'   b'\x98'
b'\xb0'   b'\xb0'
b'_'   b'_'
b'E'   b'E'
b'2'   b'2'
b'\xeb'   b'\xeb'
b'\xd1'   b'\xd1'
b'%'   b'%'
b'|'   b'|'
b'd'   b'd'
b'\x99'   b'\x99'
b'\x96'   b'\x96'
b'i'   b'i'
b'B'   b'B'
b'\xff'   b'\xff'
b'#'   b'#'
b'\xd1'   b'\xd1'
b'\xfb'   b'\xfb'
b'1'   b'1'
b'\x8d'   b'\x8d'
b'\x0b'   b'\x0b'
b'f'   b'f'
b'\x83'   b'\x83'
b'\x01'   b'\x01'
b'6'   b'6'
b'\xb7'   b'\xb7'
Pass Verification (app=1)
---- (5) Generate Chal' and Auth ----

---- (6) Send ACFA response ----
echo (app): b'\x01'
new_chal: b'ABCDEFGHIJKLMNOPQRSTUVWXYZ[\\]^_`'
echo (prv_chal): 
b'ABCDEFGHIJKLMNOPQRSTUVWXYZ[\\]^_`' (<class 'bytes'>)
echo (aermin): b'\xe0\x00' (<class 'bytes'>)
expected (aermin) b'\xe0\x00'

echo (aermax): b'\xe2J' (<class 'bytes'>)
expected (aermax) b'\xe2J'

auth: b"\xb3\x86:\xea\xb2\x0b\xcf?ne%\xa3;+`whj7\t):\x81\xeb'\x99UGX\xc3;D"
echo (auth): b"\xb3\x86:\xea\xb2\x0b\xcf?ne%\xa3;+`whj7\t):\x81\xeb'\x99UGX\xc3;D" (<class 'bytes'>)
expected (auth) b"\xb3\x86:\xea\xb2\x0b\xcf?ne%\xa3;+`whj7\t):\x81\xeb'\x99UGX\xc3;D"

prv auth: 
b"\xb3\x86:\xea\xb2\x0b\xcf?ne%\xa3;+`whj7\t):\x81\xeb'\x99UGX\xc3;D" (<class 'bytes'>)
Prv ACCEPTS response from Vrf
out: b'\x01'
echo old (*(CHAL_BASE)): b'\x00\x00\x00\x00\x00\x00\x00\x00\x00\x00\x00\x00\x00\x00\x00\x00\x00\x00\x00\x00\x00\x00\x00\x00\x00\x00\x00\x00\x00\x00\x00\x00' (<class 'bytes'>)

echo (*(CHAL_BASE)): b'ABCDEFGHIJKLMNOPQRSTUVWXYZ[\\]^_`' (<class 'bytes'>)
expected (*(CHAL_BASE)): b'ABCDEFGHIJKLMNOPQRSTUVWXYZ[\\]^_`'
echo (pmem[0:15]): b'UB \x015\xd0\x08Z\x82E\x06\x181@\x00h' (<class 'bytes'>)

------------------- ROUND TIMING (S) ---------------------------
Steps 1-3:	Receive initial response (P --> V): 0.04816813299976275
   Step 4:	Vrf runs verification: 0.0010139589999198506
		--Parse & verify CF-Log: 0.0008775070000410778
		--Verify hmac: 0.00013645199987877277
   Step 5:	Vrf Generate & response : 3.963900007875054e-05
   Step 6:	Vrf Send response (V --> P): 0.20675957999992534
Steps 7-9:	Prv authenticate and decide next action: 0.09607694500027719
Elapsed time: 0.2559813109996867
last=False
----------------------------------------------------------------
 
---- Iteration 1 ----
cur chal: b'ABCDEFGHIJKLMNOPQRSTUVWXYZ[\\]^_`'

---- (3) Reading ACFA Report from Prv ----
prv_mac: b'\xfb\x00Y\xfdXag\xe0\xfa\xb3\x92\x03Z\x87~x~\x0c\x9f\xf8\x8dw\xb0\xe5\xbd\x7fj\xb6W\xc2\x123' (<class 'bytes'>)
prv_meta: b'\x00\xe0J\xe22\x00' (<class 'bytes'>)
metadata: [b'\x00', b'\xe0', b'J', b'\xe2', b'2', b'\x00']
prv_log_ptr: 50 (<class 'int'>)
prv_cflog: b'\xfe\xdf@\xe0\x84\xe0\x00\xe1\x12\xe1.\xe1<\xe1\x14\xe1\x00\x00\x05\x00<\xe1>\xe1^\xe10\xe24\xe2`\xe1j\xe1\xc0\xe0\xe4\xe0\xe6\xe0\xf4\xe0\xf8\xe0\xfe\xe0n\xe1r\xe1\xb4\xe1\xba\xe1t\xe1z\xe1|\xe1\x80\xe1\x8a\xe1\xa8\xe1\xc0\xe0\xe4\xe0\xe6\xe0\xf4\xe0\xf8\xe0\xfe\xe0\xac\xe1\xba\xe1t\xe1z\xe1\xbe\xe1\xda\xe1B\xe2H\xe2J\xe2L\xe2\x00\xa0' (<class 'bytes'>)
100
100
----- parsing message: create 1.cflog -----
100
50
dffe:e040
e084:e100
e112:e12e
e13c:e114
:00000005
e13c:e13e
e15e:e230
e234:e160
e16a:e0c0
e0e4:e0e6
e0f4:e0f8
e0fe:e16e
e172:e1b4
e1ba:e174
e17a:e17c
e180:e18a
e1a8:e0c0
e0e4:e0e6
e0f4:e0f8
e0fe:e1ac
e1ba:e174
e17a:e1be
e1da:e242
e248:e24a
e24c:a000
