---- Iteration 0 ----
cur chal: b'\x00\x00\x00\x00\x00\x00\x00\x00\x00\x00\x00\x00\x00\x00\x00\x00\x00\x00\x00\x00\x00\x00\x00\x00\x00\x00\x00\x00\x00\x00\x00\x00'

---- (3) Reading ACFA Report from Prv ----
prv_mac: b'WRoN\x8f\x1aQ"\xcb\xdf\xa3o\xf4IF\x922\xe4\xa9SqR/4$\x987\xaa\xdch\x94\x0f' (<class 'bytes'>)
prv_meta: b'\x00\x00\x00\x00\x02\x00' (<class 'bytes'>)
metadata: [b'\x00', b'\x00', b'\x00', b'\x00', b'\x02', b'\x00']
prv_log_ptr: 2 (<class 'int'>)
prv_cflog: b'@\xe0\x00\xa0' (<class 'bytes'>)
4
4
----- parsing message: create 0.cflog -----
4
2
e040:a000

---- (4) Verify ACFA Report ----
-- Comparing MACs
-- hmac(k,
--      pmem,
--      chal,
--      metadata,
--      cflog
--      )
Expected MAC: b'WRoN\x8f\x1aQ"\xcb\xdf\xa3o\xf4IF\x922\xe4\xa9SqR/4$\x987\xaa\xdch\x94\x0f'
mac   prv_mac
b'W'   b'W'
b'R'   b'R'
b'o'   b'o'
b'N'   b'N'
b'\x8f'   b'\x8f'
b'\x1a'   b'\x1a'
b'Q'   b'Q'
b'"'   b'"'
b'\xcb'   b'\xcb'
b'\xdf'   b'\xdf'
b'\xa3'   b'\xa3'
b'o'   b'o'
b'\xf4'   b'\xf4'
b'I'   b'I'
b'F'   b'F'
b'\x92'   b'\x92'
b'2'   b'2'
b'\xe4'   b'\xe4'
b'\xa9'   b'\xa9'
b'S'   b'S'
b'q'   b'q'
b'R'   b'R'
b'/'   b'/'
b'4'   b'4'
b'$'   b'$'
b'\x98'   b'\x98'
b'7'   b'7'
b'\xaa'   b'\xaa'
b'\xdc'   b'\xdc'
b'h'   b'h'
b'\x94'   b'\x94'
b'\x0f'   b'\x0f'
Pass Verification (app=1)
---- (5) Generate Chal' and Auth ----

---- (6) Send ACFA response ----
echo (app): b'\x01'
new_chal: b'ABCDEFGHIJKLMNOPQRSTUVWXYZ[\\]^_`'
echo (prv_chal): 
b'ABCDEFGHIJKLMNOPQRSTUVWXYZ[\\]^_`' (<class 'bytes'>)
echo (aermin): b'\xe0\x00' (<class 'bytes'>)
expected (aermin) b'\xe0\x00'

echo (aermax): b'\xe2J' (<class 'bytes'>)
expected (aermax) b'\xe2J'

auth: b"\xb3\x86:\xea\xb2\x0b\xcf?ne%\xa3;+`whj7\t):\x81\xeb'\x99UGX\xc3;D"
echo (auth): b"\xb3\x86:\xea\xb2\x0b\xcf?ne%\xa3;+`whj7\t):\x81\xeb'\x99UGX\xc3;D" (<class 'bytes'>)
expected (auth) b"\xb3\x86:\xea\xb2\x0b\xcf?ne%\xa3;+`whj7\t):\x81\xeb'\x99UGX\xc3;D"

prv auth: 
b"\xb3\x86:\xea\xb2\x0b\xcf?ne%\xa3;+`whj7\t):\x81\xeb'\x99UGX\xc3;D" (<class 'bytes'>)
Prv ACCEPTS response from Vrf
out: b'\x01'
echo old (*(CHAL_BASE)): b'\x00\x00\x00\x00\x00\x00\x00\x00\x00\x00\x00\x00\x00\x00\x00\x00\x00\x00\x00\x00\x00\x00\x00\x00\x00\x00\x00\x00\x00\x00\x00\x00' (<class 'bytes'>)

echo (*(CHAL_BASE)): b'ABCDEFGHIJKLMNOPQRSTUVWXYZ[\\]^_`' (<class 'bytes'>)
expected (*(CHAL_BASE)): b'ABCDEFGHIJKLMNOPQRSTUVWXYZ[\\]^_`'
echo (pmem[0:15]): b'UB \x015\xd0\x08Z\x82E\x00\x181@\x00h' (<class 'bytes'>)

------------------- ROUND TIMING (S) ---------------------------
Steps 1-3:	Receive initial response (P --> V): 0.04788935699980357
   Step 4:	Vrf runs verification: 0.001137591000770044
		--Parse & verify CF-Log: 0.0009268350004276726
		--Verify hmac: 0.0002107560003423714
   Step 5:	Vrf Generate & response : 2.1062999621790368e-05
   Step 6:	Vrf Send response (V --> P): 0.20706039800006693
Steps 7-9:	Prv authenticate and decide next action: 0.09573183599968615
Elapsed time: 0.2561084090002623
last=False
----------------------------------------------------------------
 
---- Iteration 1 ----
cur chal: b'ABCDEFGHIJKLMNOPQRSTUVWXYZ[\\]^_`'

---- (3) Reading ACFA Report from Prv ----
prv_mac: b'\xb0\x0f\xcfX\xd8N}H\t@\x1dJz\x85\x9a\x8f\x99\x0f\x15Q\x00\xf1\x05\x0cV\xa6\xc8\x99\x18l}\x0c' (<class 'bytes'>)
prv_meta: b'\x00\xe0J\xe2\x80\x00' (<class 'bytes'>)
metadata: [b'\x00', b'\xe0', b'J', b'\xe2', b'\x80', b'\x00']
prv_log_ptr: 128 (<class 'int'>)
prv_cflog: b'\xfe\xdf@\xe0J\xe0\x0e\xe1\x14\xe1L\xe0P\xe0\x02\xe1\x08\xe1R\xe0x\xe0\xf8\xe0\xfc\xe0z\xe0\xca\xe0N\xe1T\xe1V\xe1Z\xe1\\\xe1b\xe1d\xe1d\xe1\xce\xe0\xfc\xe0z\xe0\xca\xe0N\xe1T\xe1V\xe1Z\xe1^\xe1b\xe1R\xe1T\xe1V\xe1Z\xe1\\\xe1b\xe1d\xe1d\xe1\xce\xe0\xfc\xe0z\xe0\xca\xe0N\xe1T\xe1V\xe1Z\xe1\\\xe1b\xe1R\xe1T\xe1V\xe1Z\xe1\\\xe1b\xe1d\xe1d\xe1\xce\xe0\xfc\xe0z\xe0\xca\xe0N\xe1T\xe1V\xe1Z\xe1^\xe1b\xe1R\xe1T\xe1V\xe1Z\xe1^\xe1b\xe1R\xe1T\xe1V\xe1Z\xe1\\\xe1b\xe1d\xe1d\xe1\xce\xe0\xfc\xe0\xfe\xe0\x08\xe1R\xe0x\xe0\xf8\xe0\xfc\xe0z\xe0\xca\xe0N\xe1T\xe1V\xe1Z\xe1\\\xe1b\xe1d\xe1d\xe1\xce\xe0\xfc\xe0z\xe0\xca\xe0N\xe1T\xe1V\xe1Z\xe1^\xe1b\xe1R\xe1T\xe1V\xe1Z\xe1\\\xe1b\xe1d\xe1d\xe1\xce\xe0\xfc\xe0z\xe0\xca\xe0N\xe1T\xe1V\xe1Z\xe1\x00\xa0' (<class 'bytes'>)
256
256
----- parsing message: create 1.cflog -----
256
128
dffe:e040
e04a:e10e
e114:e04c
e050:e102
e108:e052
e078:e0f8
e0fc:e07a
e0ca:e14e
e154:e156
e15a:e15c
e162:e164
e164:e0ce
e0fc:e07a
e0ca:e14e
e154:e156
e15a:e15e
e162:e152
e154:e156
e15a:e15c
e162:e164
e164:e0ce
e0fc:e07a
e0ca:e14e
e154:e156
e15a:e15c
e162:e152
e154:e156
e15a:e15c
e162:e164
e164:e0ce
e0fc:e07a
e0ca:e14e
e154:e156
e15a:e15e
e162:e152
e154:e156
e15a:e15e
e162:e152
e154:e156
e15a:e15c
e162:e164
e164:e0ce
e0fc:e0fe
e108:e052
e078:e0f8
e0fc:e07a
e0ca:e14e
e154:e156
e15a:e15c
e162:e164
e164:e0ce
e0fc:e07a
e0ca:e14e
e154:e156
e15a:e15e
e162:e152
e154:e156
e15a:e15c
e162:e164
e164:e0ce
e0fc:e07a
e0ca:e14e
e154:e156
e15a:a000

---- (4) Verify ACFA Report ----
-- Comparing MACs
-- hmac(k,
--      pmem,
--      chal,
--      metadata,
--      cflog
--      )
Expected MAC: b'\xb0\x0f\xcfX\xd8N}H\t@\x1dJz\x85\x9a\x8f\x99\x0f\x15Q\x00\xf1\x05\x0cV\xa6\xc8\x99\x18l}\x0c'
mac   prv_mac
b'\xb0'   b'\xb0'
b'\x0f'   b'\x0f'
b'\xcf'   b'\xcf'
b'X'   b'X'
b'\xd8'   b'\xd8'
b'N'   b'N'
b'}'   b'}'
b'H'   b'H'
b'\t'   b'\t'
b'@'   b'@'
b'\x1d'   b'\x1d'
b'J'   b'J'
b'z'   b'z'
b'\x85'   b'\x85'
b'\x9a'   b'\x9a'
b'\x8f'   b'\x8f'
b'\x99'   b'\x99'
b'\x0f'   b'\x0f'
b'\x15'   b'\x15'
b'Q'   b'Q'
b'\x00'   b'\x00'
b'\xf1'   b'\xf1'
b'\x05'   b'\x05'
b'\x0c'   b'\x0c'
b'V'   b'V'
b'\xa6'   b'\xa6'
b'\xc8'   b'\xc8'
b'\x99'   b'\x99'
b'\x18'   b'\x18'
b'l'   b'l'
b'}'   b'}'
b'\x0c'   b'\x0c'
Pass Verification (app=1)
---- (5) Generate Chal' and Auth ----

---- (6) Send ACFA response ----
echo (app): b'\x01'
new_chal: b'BBCDEFGHIJKLMNOPQRSTUVWXYZ[\\]^_`'
echo (prv_chal): 
b'BBCDEFGHIJKLMNOPQRSTUVWXYZ[\\]^_`' (<class 'bytes'>)
echo (aermin): b'\xe0\x00' (<class 'bytes'>)
expected (aermin) b'\xe0\x00'

echo (aermax): b'\xe2J' (<class 'bytes'>)
expected (aermax) b'\xe2J'

auth: b'\xd2\x16\xdf\xf9e\xd2$a\xfe\xb3w\x18\x0fw\xc1\xe8\xc2Y\xb7w\xdc,\xeb\xc5\x82\xf9\xd5]\xc5\xf8A9'
echo (auth): b'\xd2\x16\xdf\xf9e\xd2$a\xfe\xb3w\x18\x0fw\xc1\xe8\xc2Y\xb7w\xdc,\xeb\xc5\x82\xf9\xd5]\xc5\xf8A9' (<class 'bytes'>)
expected (auth) b'\xd2\x16\xdf\xf9e\xd2$a\xfe\xb3w\x18\x0fw\xc1\xe8\xc2Y\xb7w\xdc,\xeb\xc5\x82\xf9\xd5]\xc5\xf8A9'

prv auth: 
b'\xd2\x16\xdf\xf9e\xd2$a\xfe\xb3w\x18\x0fw\xc1\xe8\xc2Y\xb7w\xdc,\xeb\xc5\x82\xf9\xd5]\xc5\xf8A9' (<class 'bytes'>)
Prv ACCEPTS response from Vrf
out: b'\x01'
echo old (*(CHAL_BASE)): b'ABCDEFGHIJKLMNOPQRSTUVWXYZ[\\]^_`' (<class 'bytes'>)

echo (*(CHAL_BASE)): b'BBCDEFGHIJKLMNOPQRSTUVWXYZ[\\]^_`' (<class 'bytes'>)
expected (*(CHAL_BASE)): b'BBCDEFGHIJKLMNOPQRSTUVWXYZ[\\]^_`'
echo (pmem[0:15]): b'UB \x015\xd0\x08Z\x82E\x00\x181@\x00h' (<class 'bytes'>)

------------------- ROUND TIMING (S) ---------------------------
Steps 1-3:	Receive initial response (P --> V): 0.32007163600064814
   Step 4:	Vrf runs verification: 0.0015121710011953837
		--Parse & verify CF-Log: 0.0013798380005027866
		--Verify hmac: 0.00013233300069259712
   Step 5:	Vrf Generate & response : 1.2642000001505949e-05
   Step 6:	Vrf Send response (V --> P): 0.20621734999986074
Steps 7-9:	Prv authenticate and decide next action: 0.09599568000066938
Elapsed time: 0.5278137990017058
last=False
----------------------------------------------------------------
 
---- Iteration 2 ----
cur chal: b'BBCDEFGHIJKLMNOPQRSTUVWXYZ[\\]^_`'

---- (3) Reading ACFA Report from Prv ----
prv_mac: b"\xa8\xab\x98\x8b\x8c\xc5_\xc4\xe9\xa3'\r\xd4\xc2j\x19\xba\x06z\x97\x0c\x14\x04\x18\x10F\xd7\xc2\xab\xe8\x06\x8a" (<class 'bytes'>)
prv_meta: b'\x00\xe0J\xe2\x80\x00' (<class 'bytes'>)
metadata: [b'\x00', b'\xe0', b'J', b'\xe2', b'\x80', b'\x00']
prv_log_ptr: 128 (<class 'int'>)
prv_cflog: b'\xfe\xdfZ\xe1Z\xe1\\\xe1b\xe1R\xe1T\xe1V\xe1Z\xe1\\\xe1b\xe1d\xe1d\xe1\xce\xe0\xfc\xe0z\xe0\xca\xe0N\xe1T\xe1V\xe1Z\xe1^\xe1b\xe1R\xe1T\xe1V\xe1Z\xe1^\xe1b\xe1R\xe1T\xe1V\xe1Z\xe1\\\xe1b\xe1d\xe1d\xe1\xce\xe0\xfc\xe0\xfe\xe0\x08\xe1R\xe0x\xe0\xf8\xe0\xfc\xe0z\xe0\xca\xe0N\xe1T\xe1V\xe1Z\xe1\\\xe1b\xe1d\xe1d\xe1\xce\xe0\xfc\xe0z\xe0\xca\xe0N\xe1T\xe1V\xe1Z\xe1^\xe1b\xe1R\xe1T\xe1V\xe1Z\xe1\\\xe1b\xe1d\xe1d\xe1\xce\xe0\xfc\xe0z\xe0\xca\xe0N\xe1T\xe1V\xe1Z\xe1\\\xe1b\xe1R\xe1T\xe1V\xe1Z\xe1\\\xe1b\xe1d\xe1d\xe1\xce\xe0\xfc\xe0z\xe0\xca\xe0N\xe1T\xe1V\xe1Z\xe1^\xe1b\xe1R\xe1T\xe1V\xe1Z\xe1^\xe1b\xe1R\xe1T\xe1V\xe1Z\xe1\\\xe1b\xe1d\xe1d\xe1\xce\xe0\xfc\xe0\xfe\xe0\x08\xe1R\xe0x\xe0\xf8\xe0\xfc\xe0z\xe0\xca\xe0N\xe1R\xe1\x00\xa0' (<class 'bytes'>)
256
256
----- parsing message: create 2.cflog -----
256
128
dffe:e15a
e15a:e15c
e162:e152
e154:e156
e15a:e15c
e162:e164
e164:e0ce
e0fc:e07a
e0ca:e14e
e154:e156
e15a:e15e
e162:e152
e154:e156
e15a:e15e
e162:e152
e154:e156
e15a:e15c
e162:e164
e164:e0ce
e0fc:e0fe
e108:e052
e078:e0f8
e0fc:e07a
e0ca:e14e
e154:e156
e15a:e15c
e162:e164
e164:e0ce
e0fc:e07a
e0ca:e14e
e154:e156
e15a:e15e
e162:e152
e154:e156
e15a:e15c
e162:e164
e164:e0ce
e0fc:e07a
e0ca:e14e
e154:e156
e15a:e15c
e162:e152
e154:e156
e15a:e15c
e162:e164
e164:e0ce
e0fc:e07a
e0ca:e14e
e154:e156
e15a:e15e
e162:e152
e154:e156
e15a:e15e
e162:e152
e154:e156
e15a:e15c
e162:e164
e164:e0ce
e0fc:e0fe
e108:e052
e078:e0f8
e0fc:e07a
e0ca:e14e
e152:a000

---- (4) Verify ACFA Report ----
-- Comparing MACs
-- hmac(k,
--      pmem,
--      chal,
--      metadata,
--      cflog
--      )
Expected MAC: b"\xa8\xab\x98\x8b\x8c\xc5_\xc4\xe9\xa3'\r\xd4\xc2j\x19\xba\x06z\x97\x0c\x14\x04\x18\x10F\xd7\xc2\xab\xe8\x06\x8a"
mac   prv_mac
b'\xa8'   b'\xa8'
b'\xab'   b'\xab'
b'\x98'   b'\x98'
b'\x8b'   b'\x8b'
b'\x8c'   b'\x8c'
b'\xc5'   b'\xc5'
b'_'   b'_'
b'\xc4'   b'\xc4'
b'\xe9'   b'\xe9'
b'\xa3'   b'\xa3'
b"'"   b"'"
b'\r'   b'\r'
b'\xd4'   b'\xd4'
b'\xc2'   b'\xc2'
b'j'   b'j'
b'\x19'   b'\x19'
b'\xba'   b'\xba'
b'\x06'   b'\x06'
b'z'   b'z'
b'\x97'   b'\x97'
b'\x0c'   b'\x0c'
b'\x14'   b'\x14'
b'\x04'   b'\x04'
b'\x18'   b'\x18'
b'\x10'   b'\x10'
b'F'   b'F'
b'\xd7'   b'\xd7'
b'\xc2'   b'\xc2'
b'\xab'   b'\xab'
b'\xe8'   b'\xe8'
b'\x06'   b'\x06'
b'\x8a'   b'\x8a'
Pass Verification (app=1)
---- (5) Generate Chal' and Auth ----

---- (6) Send ACFA response ----
echo (app): b'\x01'
new_chal: b'CBCDEFGHIJKLMNOPQRSTUVWXYZ[\\]^_`'
echo (prv_chal): 
b'CBCDEFGHIJKLMNOPQRSTUVWXYZ[\\]^_`' (<class 'bytes'>)
echo (aermin): b'\xe0\x00' (<class 'bytes'>)
expected (aermin) b'\xe0\x00'

echo (aermax): b'\xe2J' (<class 'bytes'>)
expected (aermax) b'\xe2J'

auth: b'[\x936{_\xack\r>\x8f\x1b\x87\xeaUb\x119\xf8d\xe1\xd1\x06\xc9D\xfc\x9b\xf3\xe2\xaf\x8e:\xd7'
echo (auth): b'[\x936{_\xack\r>\x8f\x1b\x87\xeaUb\x119\xf8d\xe1\xd1\x06\xc9D\xfc\x9b\xf3\xe2\xaf\x8e:\xd7' (<class 'bytes'>)
expected (auth) b'[\x936{_\xack\r>\x8f\x1b\x87\xeaUb\x119\xf8d\xe1\xd1\x06\xc9D\xfc\x9b\xf3\xe2\xaf\x8e:\xd7'

prv auth: 
b'[\x936{_\xack\r>\x8f\x1b\x87\xeaUb\x119\xf8d\xe1\xd1\x06\xc9D\xfc\x9b\xf3\xe2\xaf\x8e:\xd7' (<class 'bytes'>)
Prv ACCEPTS response from Vrf
out: b'\x01'
echo old (*(CHAL_BASE)): b'BBCDEFGHIJKLMNOPQRSTUVWXYZ[\\]^_`' (<class 'bytes'>)

echo (*(CHAL_BASE)): b'CBCDEFGHIJKLMNOPQRSTUVWXYZ[\\]^_`' (<class 'bytes'>)
expected (*(CHAL_BASE)): b'CBCDEFGHIJKLMNOPQRSTUVWXYZ[\\]^_`'
echo (pmem[0:15]): b'UB \x015\xd0\x08Z\x82E\x00\x181@\x00h' (<class 'bytes'>)

------------------- ROUND TIMING (S) ---------------------------
Steps 1-3:	Receive initial response (P --> V): 0.32004898600007436
   Step 4:	Vrf runs verification: 0.0007949999999254942
		--Parse & verify CF-Log: 0.0006899520003571524
		--Verify hmac: 0.00010504799956834177
   Step 5:	Vrf Generate & response : 1.1957000424445141e-05
   Step 6:	Vrf Send response (V --> P): 0.20700110600046173
Steps 7-9:	Prv authenticate and decide next action: 0.09596473700003116
Elapsed time: 0.527857049000886
last=False
----------------------------------------------------------------
 
---- Iteration 3 ----
cur chal: b'CBCDEFGHIJKLMNOPQRSTUVWXYZ[\\]^_`'

---- (3) Reading ACFA Report from Prv ----
prv_mac: b'\x1cZ\xe7\xc7k)Yl=\xbf\x84p\xc99\xbbn\x01\xd8>\xee_\xa8\x8dC\xd8\x8a\xba\xdbY[\x9f5' (<class 'bytes'>)
prv_meta: b'\x00\xe0J\xe2\x80\x00' (<class 'bytes'>)
metadata: [b'\x00', b'\xe0', b'J', b'\xe2', b'\x80', b'\x00']
prv_log_ptr: 128 (<class 'int'>)
prv_cflog: b'\xfe\xdfR\xe1T\xe1V\xe1Z\xe1\\\xe1b\xe1d\xe1d\xe1\xce\xe0\xfc\xe0z\xe0\xca\xe0N\xe1T\xe1V\xe1Z\xe1^\xe1b\xe1R\xe1T\xe1V\xe1Z\xe1\\\xe1b\xe1d\xe1d\xe1\xce\xe0\xfc\xe0z\xe0\xca\xe0N\xe1T\xe1V\xe1Z\xe1\\\xe1b\xe1R\xe1T\xe1V\xe1Z\xe1\\\xe1b\xe1d\xe1d\xe1\xce\xe0\xfc\xe0z\xe0\xca\xe0N\xe1T\xe1V\xe1Z\xe1^\xe1b\xe1R\xe1T\xe1V\xe1Z\xe1^\xe1b\xe1R\xe1T\xe1V\xe1Z\xe1\\\xe1b\xe1d\xe1d\xe1\xce\xe0\xfc\xe0\xfe\xe0\x08\xe1R\xe0x\xe0\xf8\xe0\xfc\xe0z\xe0\xca\xe0N\xe1T\xe1V\xe1Z\xe1\\\xe1b\xe1d\xe1d\xe1\xce\xe0\xfc\xe0z\xe0\xca\xe0N\xe1T\xe1V\xe1Z\xe1^\xe1b\xe1R\xe1T\xe1V\xe1Z\xe1\\\xe1b\xe1d\xe1d\xe1\xce\xe0\xfc\xe0z\xe0\xca\xe0N\xe1T\xe1V\xe1Z\xe1\\\xe1b\xe1R\xe1T\xe1V\xe1Z\xe1\\\xe1b\xe1d\xe1d\xe1\xce\xe0\xfc\xe0z\xe0~\xe0\x00\xa0' (<class 'bytes'>)
256
256
----- parsing message: create 3.cflog -----
256
128
dffe:e152
e154:e156
e15a:e15c
e162:e164
e164:e0ce
e0fc:e07a
e0ca:e14e
e154:e156
e15a:e15e
e162:e152
e154:e156
e15a:e15c
e162:e164
e164:e0ce
e0fc:e07a
e0ca:e14e
e154:e156
e15a:e15c
e162:e152
e154:e156
e15a:e15c
e162:e164
e164:e0ce
e0fc:e07a
e0ca:e14e
e154:e156
e15a:e15e
e162:e152
e154:e156
e15a:e15e
e162:e152
e154:e156
e15a:e15c
e162:e164
e164:e0ce
e0fc:e0fe
e108:e052
e078:e0f8
e0fc:e07a
e0ca:e14e
e154:e156
e15a:e15c
e162:e164
e164:e0ce
e0fc:e07a
e0ca:e14e
e154:e156
e15a:e15e
e162:e152
e154:e156
e15a:e15c
e162:e164
e164:e0ce
e0fc:e07a
e0ca:e14e
e154:e156
e15a:e15c
e162:e152
e154:e156
e15a:e15c
e162:e164
e164:e0ce
e0fc:e07a
e07e:a000

---- (4) Verify ACFA Report ----
-- Comparing MACs
-- hmac(k,
--      pmem,
--      chal,
--      metadata,
--      cflog
--      )
Expected MAC: b'\x1cZ\xe7\xc7k)Yl=\xbf\x84p\xc99\xbbn\x01\xd8>\xee_\xa8\x8dC\xd8\x8a\xba\xdbY[\x9f5'
mac   prv_mac
b'\x1c'   b'\x1c'
b'Z'   b'Z'
b'\xe7'   b'\xe7'
b'\xc7'   b'\xc7'
b'k'   b'k'
b')'   b')'
b'Y'   b'Y'
b'l'   b'l'
b'='   b'='
b'\xbf'   b'\xbf'
b'\x84'   b'\x84'
b'p'   b'p'
b'\xc9'   b'\xc9'
b'9'   b'9'
b'\xbb'   b'\xbb'
b'n'   b'n'
b'\x01'   b'\x01'
b'\xd8'   b'\xd8'
b'>'   b'>'
b'\xee'   b'\xee'
b'_'   b'_'
b'\xa8'   b'\xa8'
b'\x8d'   b'\x8d'
b'C'   b'C'
b'\xd8'   b'\xd8'
b'\x8a'   b'\x8a'
b'\xba'   b'\xba'
b'\xdb'   b'\xdb'
b'Y'   b'Y'
b'['   b'['
b'\x9f'   b'\x9f'
b'5'   b'5'
Pass Verification (app=1)
---- (5) Generate Chal' and Auth ----

---- (6) Send ACFA response ----
echo (app): b'\x01'
new_chal: b'DBCDEFGHIJKLMNOPQRSTUVWXYZ[\\]^_`'
echo (prv_chal): 
b'DBCDEFGHIJKLMNOPQRSTUVWXYZ[\\]^_`' (<class 'bytes'>)
echo (aermin): b'\xe0\x00' (<class 'bytes'>)
expected (aermin) b'\xe0\x00'

echo (aermax): b'\xe2J' (<class 'bytes'>)
expected (aermax) b'\xe2J'

auth: b"\x8c\xfe\x8f\xbd}\xb3$\x10\xeeh\x0b=O\xb5^\xa6\x18DB\xa5\x86y+Tg'\x16NG2/-"
echo (auth): b"\x8c\xfe\x8f\xbd}\xb3$\x10\xeeh\x0b=O\xb5^\xa6\x18DB\xa5\x86y+Tg'\x16NG2/-" (<class 'bytes'>)
expected (auth) b"\x8c\xfe\x8f\xbd}\xb3$\x10\xeeh\x0b=O\xb5^\xa6\x18DB\xa5\x86y+Tg'\x16NG2/-"

prv auth: 
b"\x8c\xfe\x8f\xbd}\xb3$\x10\xeeh\x0b=O\xb5^\xa6\x18DB\xa5\x86y+Tg'\x16NG2/-" (<class 'bytes'>)
Prv ACCEPTS response from Vrf
out: b'\x01'
echo old (*(CHAL_BASE)): b'CBCDEFGHIJKLMNOPQRSTUVWXYZ[\\]^_`' (<class 'bytes'>)

echo (*(CHAL_BASE)): b'DBCDEFGHIJKLMNOPQRSTUVWXYZ[\\]^_`' (<class 'bytes'>)
expected (*(CHAL_BASE)): b'DBCDEFGHIJKLMNOPQRSTUVWXYZ[\\]^_`'
echo (pmem[0:15]): b'UB \x015\xd0\x08Z\x82E\x00\x181@\x00h' (<class 'bytes'>)

------------------- ROUND TIMING (S) ---------------------------
Steps 1-3:	Receive initial response (P --> V): 0.3202872279998701
   Step 4:	Vrf runs verification: 0.001288698001189914
		--Parse & verify CF-Log: 0.0011817840004368918
		--Verify hmac: 0.00010691400075302226
   Step 5:	Vrf Generate & response : 1.301300017075846e-05
   Step 6:	Vrf Send response (V --> P): 0.20607429600022442
Steps 7-9:	Prv authenticate and decide next action: 0.09640170200054854
Elapsed time: 0.5276632350014552
last=False
----------------------------------------------------------------
 
---- Iteration 4 ----
cur chal: b'DBCDEFGHIJKLMNOPQRSTUVWXYZ[\\]^_`'

---- (3) Reading ACFA Report from Prv ----
prv_mac: b"`!\xe3-\x8c\x08\xb7\xe8(\x07\x0727\x15\x99\x84(\xb1\xb3\x8e\x9e\xd5X\x04\x11'\xffM\xe1\x98\xd4\xdc" (<class 'bytes'>)
prv_meta: b'\x00\xe0J\xe2\x80\x00' (<class 'bytes'>)
metadata: [b'\x00', b'\xe0', b'J', b'\xe2', b'\x80', b'\x00']
prv_log_ptr: 128 (<class 'int'>)
prv_cflog: b'\xfe\xdf~\xe0\xca\xe0N\xe1T\xe1V\xe1Z\xe1^\xe1b\xe1R\xe1T\xe1V\xe1Z\xe1^\xe1b\xe1R\xe1T\xe1V\xe1Z\xe1\\\xe1b\xe1d\xe1d\xe1\xce\xe0\xfc\xe0\xfe\xe0\x08\xe1\n\xe1\x14\xe1L\xe0P\xe0\x02\xe1\x08\xe1R\xe0x\xe0\xf8\xe0\xfc\xe0z\xe0\xca\xe0N\xe1T\xe1V\xe1Z\xe1\\\xe1b\xe1R\xe1T\xe1V\xe1Z\xe1^\xe1b\xe1R\xe1T\xe1V\xe1Z\xe1\\\xe1b\xe1d\xe1d\xe1\xce\xe0\xfc\xe0z\xe0\xca\xe0N\xe1T\xe1V\xe1Z\xe1^\xe1b\xe1R\xe1T\xe1V\xe1Z\xe1\\\xe1b\xe1R\xe1T\xe1V\xe1Z\xe1\\\xe1b\xe1d\xe1d\xe1\xce\xe0\xfc\xe0z\xe0\xca\xe0N\xe1T\xe1V\xe1Z\xe1\\\xe1b\xe1R\xe1T\xe1V\xe1Z\xe1\\\xe1b\xe1R\xe1T\xe1V\xe1Z\xe1\\\xe1b\xe1d\xe1d\xe1\xce\xe0\xfc\xe0z\xe0\xca\xe0N\xe1T\xe1V\xe1Z\xe1^\xe1b\xe1R\xe1T\xe1V\xe1Z\xe1^\xe1b\xe1R\xe1T\xe1V\xe1Z\xe1\x00\xa0' (<class 'bytes'>)
256
256
----- parsing message: create 4.cflog -----
256
128
dffe:e07e
e0ca:e14e
e154:e156
e15a:e15e
e162:e152
e154:e156
e15a:e15e
e162:e152
e154:e156
e15a:e15c
e162:e164
e164:e0ce
e0fc:e0fe
e108:e10a
e114:e04c
e050:e102
e108:e052
e078:e0f8
e0fc:e07a
e0ca:e14e
e154:e156
e15a:e15c
e162:e152
e154:e156
e15a:e15e
e162:e152
e154:e156
e15a:e15c
e162:e164
e164:e0ce
e0fc:e07a
e0ca:e14e
e154:e156
e15a:e15e
e162:e152
e154:e156
e15a:e15c
e162:e152
e154:e156
e15a:e15c
e162:e164
e164:e0ce
e0fc:e07a
e0ca:e14e
e154:e156
e15a:e15c
e162:e152
e154:e156
e15a:e15c
e162:e152
e154:e156
e15a:e15c
e162:e164
e164:e0ce
e0fc:e07a
e0ca:e14e
e154:e156
e15a:e15e
e162:e152
e154:e156
e15a:e15e
e162:e152
e154:e156
e15a:a000

---- (4) Verify ACFA Report ----
-- Comparing MACs
-- hmac(k,
--      pmem,
--      chal,
--      metadata,
--      cflog
--      )
Expected MAC: b"`!\xe3-\x8c\x08\xb7\xe8(\x07\x0727\x15\x99\x84(\xb1\xb3\x8e\x9e\xd5X\x04\x11'\xffM\xe1\x98\xd4\xdc"
mac   prv_mac
b'`'   b'`'
b'!'   b'!'
b'\xe3'   b'\xe3'
b'-'   b'-'
b'\x8c'   b'\x8c'
b'\x08'   b'\x08'
b'\xb7'   b'\xb7'
b'\xe8'   b'\xe8'
b'('   b'('
b'\x07'   b'\x07'
b'\x07'   b'\x07'
b'2'   b'2'
b'7'   b'7'
b'\x15'   b'\x15'
b'\x99'   b'\x99'
b'\x84'   b'\x84'
b'('   b'('
b'\xb1'   b'\xb1'
b'\xb3'   b'\xb3'
b'\x8e'   b'\x8e'
b'\x9e'   b'\x9e'
b'\xd5'   b'\xd5'
b'X'   b'X'
b'\x04'   b'\x04'
b'\x11'   b'\x11'
b"'"   b"'"
b'\xff'   b'\xff'
b'M'   b'M'
b'\xe1'   b'\xe1'
b'\x98'   b'\x98'
b'\xd4'   b'\xd4'
b'\xdc'   b'\xdc'
Pass Verification (app=1)
---- (5) Generate Chal' and Auth ----

---- (6) Send ACFA response ----
echo (app): b'\x01'
new_chal: b'EBCDEFGHIJKLMNOPQRSTUVWXYZ[\\]^_`'
echo (prv_chal): 
b'EBCDEFGHIJKLMNOPQRSTUVWXYZ[\\]^_`' (<class 'bytes'>)
echo (aermin): b'\xe0\x00' (<class 'bytes'>)
expected (aermin) b'\xe0\x00'

echo (aermax): b'\xe2J' (<class 'bytes'>)
expected (aermax) b'\xe2J'

auth: b"`\x86\x1a\xdbW\xea\xae\xf5\x94\xc6\x9a\x0b\xda\x01\xd2/\x0b\x959\x12\xa0\xe3&[\xe8\xc5\xc6\xb0'\xb2,\x7f"
echo (auth): b"`\x86\x1a\xdbW\xea\xae\xf5\x94\xc6\x9a\x0b\xda\x01\xd2/\x0b\x959\x12\xa0\xe3&[\xe8\xc5\xc6\xb0'\xb2,\x7f" (<class 'bytes'>)
expected (auth) b"`\x86\x1a\xdbW\xea\xae\xf5\x94\xc6\x9a\x0b\xda\x01\xd2/\x0b\x959\x12\xa0\xe3&[\xe8\xc5\xc6\xb0'\xb2,\x7f"

prv auth: 
b"`\x86\x1a\xdbW\xea\xae\xf5\x94\xc6\x9a\x0b\xda\x01\xd2/\x0b\x959\x12\xa0\xe3&[\xe8\xc5\xc6\xb0'\xb2,\x7f" (<class 'bytes'>)
Prv ACCEPTS response from Vrf
out: b'\x01'
echo old (*(CHAL_BASE)): b'DBCDEFGHIJKLMNOPQRSTUVWXYZ[\\]^_`' (<class 'bytes'>)

echo (*(CHAL_BASE)): b'EBCDEFGHIJKLMNOPQRSTUVWXYZ[\\]^_`' (<class 'bytes'>)
expected (*(CHAL_BASE)): b'EBCDEFGHIJKLMNOPQRSTUVWXYZ[\\]^_`'
echo (pmem[0:15]): b'UB \x015\xd0\x08Z\x82E\x00\x181@\x00h' (<class 'bytes'>)

------------------- ROUND TIMING (S) ---------------------------
Steps 1-3:	Receive initial response (P --> V): 0.3201199369996175
   Step 4:	Vrf runs verification: 0.0024519180005881935
		--Parse & verify CF-Log: 0.0020524880001175916
		--Verify hmac: 0.00039943000047060195
   Step 5:	Vrf Generate & response : 4.527199962467421e-05
   Step 6:	Vrf Send response (V --> P): 0.20470979099991382
Steps 7-9:	Prv authenticate and decide next action: 0.09590704499987623
Elapsed time: 0.5273269179997442
last=False
----------------------------------------------------------------
 
---- Iteration 5 ----
cur chal: b'EBCDEFGHIJKLMNOPQRSTUVWXYZ[\\]^_`'

---- (3) Reading ACFA Report from Prv ----
prv_mac: b'I\xe3#\x16#I\xc8\x1c\xbe\xbf~\x84\xafM\xc1n\x95\r\xe1q\xbe\xd9\xc4\xbdb@w\x94\x9e\xf4\xccA' (<class 'bytes'>)
prv_meta: b'\x00\xe0J\xe2\x80\x00' (<class 'bytes'>)
metadata: [b'\x00', b'\xe0', b'J', b'\xe2', b'\x80', b'\x00']
prv_log_ptr: 128 (<class 'int'>)
prv_cflog: b'\xfe\xdfZ\xe1Z\xe1^\xe1b\xe1R\xe1T\xe1V\xe1Z\xe1\\\xe1b\xe1d\xe1d\xe1\xce\xe0\xfc\xe0\xfe\xe0\x08\xe1R\xe0x\xe0\xf8\xe0\xfc\xe0z\xe0\xca\xe0N\xe1T\xe1V\xe1Z\xe1\\\xe1b\xe1R\xe1T\xe1V\xe1Z\xe1^\xe1b\xe1R\xe1T\xe1V\xe1Z\xe1\\\xe1b\xe1d\xe1d\xe1\xce\xe0\xfc\xe0z\xe0\xca\xe0N\xe1T\xe1V\xe1Z\xe1^\xe1b\xe1R\xe1T\xe1V\xe1Z\xe1\\\xe1b\xe1R\xe1T\xe1V\xe1Z\xe1\\\xe1b\xe1d\xe1d\xe1\xce\xe0\xfc\xe0z\xe0\xca\xe0N\xe1T\xe1V\xe1Z\xe1\\\xe1b\xe1R\xe1T\xe1V\xe1Z\xe1\\\xe1b\xe1R\xe1T\xe1V\xe1Z\xe1\\\xe1b\xe1d\xe1d\xe1\xce\xe0\xfc\xe0z\xe0\xca\xe0N\xe1T\xe1V\xe1Z\xe1^\xe1b\xe1R\xe1T\xe1V\xe1Z\xe1^\xe1b\xe1R\xe1T\xe1V\xe1Z\xe1^\xe1b\xe1R\xe1T\xe1V\xe1Z\xe1\\\xe1b\xe1d\xe1d\xe1\xce\xe0\xfc\xe0\xfe\xe0\x08\xe1R\xe0V\xe0\x00\xa0' (<class 'bytes'>)
256
256
----- parsing message: create 5.cflog -----
256
128
dffe:e15a
e15a:e15e
e162:e152
e154:e156
e15a:e15c
e162:e164
e164:e0ce
e0fc:e0fe
e108:e052
e078:e0f8
e0fc:e07a
e0ca:e14e
e154:e156
e15a:e15c
e162:e152
e154:e156
e15a:e15e
e162:e152
e154:e156
e15a:e15c
e162:e164
e164:e0ce
e0fc:e07a
e0ca:e14e
e154:e156
e15a:e15e
e162:e152
e154:e156
e15a:e15c
e162:e152
e154:e156
e15a:e15c
e162:e164
e164:e0ce
e0fc:e07a
e0ca:e14e
e154:e156
e15a:e15c
e162:e152
e154:e156
e15a:e15c
e162:e152
e154:e156
e15a:e15c
e162:e164
e164:e0ce
e0fc:e07a
e0ca:e14e
e154:e156
e15a:e15e
e162:e152
e154:e156
e15a:e15e
e162:e152
e154:e156
e15a:e15e
e162:e152
e154:e156
e15a:e15c
e162:e164
e164:e0ce
e0fc:e0fe
e108:e052
e056:a000

---- (4) Verify ACFA Report ----
-- Comparing MACs
-- hmac(k,
--      pmem,
--      chal,
--      metadata,
--      cflog
--      )
Expected MAC: b'I\xe3#\x16#I\xc8\x1c\xbe\xbf~\x84\xafM\xc1n\x95\r\xe1q\xbe\xd9\xc4\xbdb@w\x94\x9e\xf4\xccA'
mac   prv_mac
b'I'   b'I'
b'\xe3'   b'\xe3'
b'#'   b'#'
b'\x16'   b'\x16'
b'#'   b'#'
b'I'   b'I'
b'\xc8'   b'\xc8'
b'\x1c'   b'\x1c'
b'\xbe'   b'\xbe'
b'\xbf'   b'\xbf'
b'~'   b'~'
b'\x84'   b'\x84'
b'\xaf'   b'\xaf'
b'M'   b'M'
b'\xc1'   b'\xc1'
b'n'   b'n'
b'\x95'   b'\x95'
b'\r'   b'\r'
b'\xe1'   b'\xe1'
b'q'   b'q'
b'\xbe'   b'\xbe'
b'\xd9'   b'\xd9'
b'\xc4'   b'\xc4'
b'\xbd'   b'\xbd'
b'b'   b'b'
b'@'   b'@'
b'w'   b'w'
b'\x94'   b'\x94'
b'\x9e'   b'\x9e'
b'\xf4'   b'\xf4'
b'\xcc'   b'\xcc'
b'A'   b'A'
Pass Verification (app=1)
---- (5) Generate Chal' and Auth ----

---- (6) Send ACFA response ----
echo (app): b'\x01'
new_chal: b'FBCDEFGHIJKLMNOPQRSTUVWXYZ[\\]^_`'
echo (prv_chal): 
b'FBCDEFGHIJKLMNOPQRSTUVWXYZ[\\]^_`' (<class 'bytes'>)
echo (aermin): b'\xe0\x00' (<class 'bytes'>)
expected (aermin) b'\xe0\x00'

echo (aermax): b'\xe2J' (<class 'bytes'>)
expected (aermax) b'\xe2J'

auth: b'\xff;\xfd;\xb9;\xff\xf1\xcd\x81\x89P@8\xbc\xbd\x02\xbbw\x84\xce\xb5\x99\xd3\xaa\xa5])v \xc6\x0b'
echo (auth): b'\xff;\xfd;\xb9;\xff\xf1\xcd\x81\x89P@8\xbc\xbd\x02\xbbw\x84\xce\xb5\x99\xd3\xaa\xa5])v \xc6\x0b' (<class 'bytes'>)
expected (auth) b'\xff;\xfd;\xb9;\xff\xf1\xcd\x81\x89P@8\xbc\xbd\x02\xbbw\x84\xce\xb5\x99\xd3\xaa\xa5])v \xc6\x0b'

prv auth: 
b'\xff;\xfd;\xb9;\xff\xf1\xcd\x81\x89P@8\xbc\xbd\x02\xbbw\x84\xce\xb5\x99\xd3\xaa\xa5])v \xc6\x0b' (<class 'bytes'>)
Prv ACCEPTS response from Vrf
out: b'\x01'
echo old (*(CHAL_BASE)): b'EBCDEFGHIJKLMNOPQRSTUVWXYZ[\\]^_`' (<class 'bytes'>)

echo (*(CHAL_BASE)): b'FBCDEFGHIJKLMNOPQRSTUVWXYZ[\\]^_`' (<class 'bytes'>)
expected (*(CHAL_BASE)): b'FBCDEFGHIJKLMNOPQRSTUVWXYZ[\\]^_`'
echo (pmem[0:15]): b'UB \x015\xd0\x08Z\x82E\x00\x181@\x00h' (<class 'bytes'>)

------------------- ROUND TIMING (S) ---------------------------
Steps 1-3:	Receive initial response (P --> V): 0.31974065199938195
   Step 4:	Vrf runs verification: 0.0008049429998209234
		--Parse & verify CF-Log: 0.0006939799995961948
		--Verify hmac: 0.0001109630002247286
   Step 5:	Vrf Generate & response : 1.3093000234221108e-05
   Step 6:	Vrf Send response (V --> P): 0.20709275599983812
Steps 7-9:	Prv authenticate and decide next action: 0.09597848999965208
Elapsed time: 0.5276514439992752
last=False
----------------------------------------------------------------
 
---- Iteration 6 ----
cur chal: b'FBCDEFGHIJKLMNOPQRSTUVWXYZ[\\]^_`'

---- (3) Reading ACFA Report from Prv ----
prv_mac: b'\xad\xfb\xef\x9f_\x1c\x8f|G\t\x92\xb1\xa8C\xc1\xa3\x98\xfe\xdf#]\xb4\x17r\xf9\xe9J\xcf-u]d' (<class 'bytes'>)
prv_meta: b'\x00\xe0J\xe2\x80\x00' (<class 'bytes'>)
metadata: [b'\x00', b'\xe0', b'J', b'\xe2', b'\x80', b'\x00']
prv_log_ptr: 128 (<class 'int'>)
prv_cflog: b'\xfe\xdfV\xe0x\xe0\xf8\xe0\xfc\xe0z\xe0\xca\xe0N\xe1T\xe1V\xe1Z\xe1\\\xe1b\xe1R\xe1T\xe1V\xe1Z\xe1^\xe1b\xe1R\xe1T\xe1V\xe1Z\xe1\\\xe1b\xe1d\xe1d\xe1\xce\xe0\xfc\xe0z\xe0\xca\xe0N\xe1T\xe1V\xe1Z\xe1^\xe1b\xe1R\xe1T\xe1V\xe1Z\xe1\\\xe1b\xe1R\xe1T\xe1V\xe1Z\xe1\\\xe1b\xe1d\xe1d\xe1\xce\xe0\xfc\xe0z\xe0\xca\xe0N\xe1T\xe1V\xe1Z\xe1\\\xe1b\xe1R\xe1T\xe1V\xe1Z\xe1\\\xe1b\xe1R\xe1T\xe1V\xe1Z\xe1\\\xe1b\xe1d\xe1d\xe1\xce\xe0\xfc\xe0z\xe0\xca\xe0N\xe1T\xe1V\xe1Z\xe1^\xe1b\xe1R\xe1T\xe1V\xe1Z\xe1^\xe1b\xe1R\xe1T\xe1V\xe1Z\xe1^\xe1b\xe1R\xe1T\xe1V\xe1Z\xe1\\\xe1b\xe1d\xe1d\xe1\xce\xe0\xfc\xe0\xfe\xe0\x08\xe1R\xe0x\xe0\xf8\xe0\xfc\xe0z\xe0\xca\xe0N\xe1T\xe1V\xe1Z\xe1\\\xe1b\xe1R\xe1T\xe1V\xe1Z\xe1^\xe1b\xe1\x00\xa0' (<class 'bytes'>)
256
256
----- parsing message: create 6.cflog -----
256
128
dffe:e056
e078:e0f8
e0fc:e07a
e0ca:e14e
e154:e156
e15a:e15c
e162:e152
e154:e156
e15a:e15e
e162:e152
e154:e156
e15a:e15c
e162:e164
e164:e0ce
e0fc:e07a
e0ca:e14e
e154:e156
e15a:e15e
e162:e152
e154:e156
e15a:e15c
e162:e152
e154:e156
e15a:e15c
e162:e164
e164:e0ce
e0fc:e07a
e0ca:e14e
e154:e156
e15a:e15c
e162:e152
e154:e156
e15a:e15c
e162:e152
e154:e156
e15a:e15c
e162:e164
e164:e0ce
e0fc:e07a
e0ca:e14e
e154:e156
e15a:e15e
e162:e152
e154:e156
e15a:e15e
e162:e152
e154:e156
e15a:e15e
e162:e152
e154:e156
e15a:e15c
e162:e164
e164:e0ce
e0fc:e0fe
e108:e052
e078:e0f8
e0fc:e07a
e0ca:e14e
e154:e156
e15a:e15c
e162:e152
e154:e156
e15a:e15e
e162:a000

---- (4) Verify ACFA Report ----
-- Comparing MACs
-- hmac(k,
--      pmem,
--      chal,
--      metadata,
--      cflog
--      )
Expected MAC: b'\xad\xfb\xef\x9f_\x1c\x8f|G\t\x92\xb1\xa8C\xc1\xa3\x98\xfe\xdf#]\xb4\x17r\xf9\xe9J\xcf-u]d'
mac   prv_mac
b'\xad'   b'\xad'
b'\xfb'   b'\xfb'
b'\xef'   b'\xef'
b'\x9f'   b'\x9f'
b'_'   b'_'
b'\x1c'   b'\x1c'
b'\x8f'   b'\x8f'
b'|'   b'|'
b'G'   b'G'
b'\t'   b'\t'
b'\x92'   b'\x92'
b'\xb1'   b'\xb1'
b'\xa8'   b'\xa8'
b'C'   b'C'
b'\xc1'   b'\xc1'
b'\xa3'   b'\xa3'
b'\x98'   b'\x98'
b'\xfe'   b'\xfe'
b'\xdf'   b'\xdf'
b'#'   b'#'
b']'   b']'
b'\xb4'   b'\xb4'
b'\x17'   b'\x17'
b'r'   b'r'
b'\xf9'   b'\xf9'
b'\xe9'   b'\xe9'
b'J'   b'J'
b'\xcf'   b'\xcf'
b'-'   b'-'
b'u'   b'u'
b']'   b']'
b'd'   b'd'
Pass Verification (app=1)
---- (5) Generate Chal' and Auth ----

---- (6) Send ACFA response ----
echo (app): b'\x01'
new_chal: b'GBCDEFGHIJKLMNOPQRSTUVWXYZ[\\]^_`'
echo (prv_chal): 
b'GBCDEFGHIJKLMNOPQRSTUVWXYZ[\\]^_`' (<class 'bytes'>)
echo (aermin): b'\xe0\x00' (<class 'bytes'>)
expected (aermin) b'\xe0\x00'

echo (aermax): b'\xe2J' (<class 'bytes'>)
expected (aermax) b'\xe2J'

auth: b'\xac\xa271\xb2j9JpF\xb3\xfe\xd4\xfa\xfc\xedO\xc5\xc66\x87e\xb8Oh\xab\xee\xb1G\xffMa'
echo (auth): b'\xac\xa271\xb2j9JpF\xb3\xfe\xd4\xfa\xfc\xedO\xc5\xc66\x87e\xb8Oh\xab\xee\xb1G\xffMa' (<class 'bytes'>)
expected (auth) b'\xac\xa271\xb2j9JpF\xb3\xfe\xd4\xfa\xfc\xedO\xc5\xc66\x87e\xb8Oh\xab\xee\xb1G\xffMa'

prv auth: 
b'\xac\xa271\xb2j9JpF\xb3\xfe\xd4\xfa\xfc\xedO\xc5\xc66\x87e\xb8Oh\xab\xee\xb1G\xffMa' (<class 'bytes'>)
Prv ACCEPTS response from Vrf
out: b'\x01'
echo old (*(CHAL_BASE)): b'FBCDEFGHIJKLMNOPQRSTUVWXYZ[\\]^_`' (<class 'bytes'>)

echo (*(CHAL_BASE)): b'GBCDEFGHIJKLMNOPQRSTUVWXYZ[\\]^_`' (<class 'bytes'>)
expected (*(CHAL_BASE)): b'GBCDEFGHIJKLMNOPQRSTUVWXYZ[\\]^_`'
echo (pmem[0:15]): b'UB \x015\xd0\x08Z\x82E\x00\x181@\x00h' (<class 'bytes'>)

------------------- ROUND TIMING (S) ---------------------------
Steps 1-3:	Receive initial response (P --> V): 0.319784895000339
   Step 4:	Vrf runs verification: 0.0008121540004140115
		--Parse & verify CF-Log: 0.0006897980001667747
		--Verify hmac: 0.0001223560002472368
   Step 5:	Vrf Generate & response : 7.145600011426723e-05
   Step 6:	Vrf Send response (V --> P): 0.20796936599981564
Steps 7-9:	Prv authenticate and decide next action: 0.0949839670001893
Elapsed time: 0.5286378710006829
last=False
----------------------------------------------------------------
 
---- Iteration 7 ----
cur chal: b'GBCDEFGHIJKLMNOPQRSTUVWXYZ[\\]^_`'

---- (3) Reading ACFA Report from Prv ----
prv_mac: b"'V/\xec\xb1T\xb1%\x93g\x13\xe2\x8d\x87\xbf\x85\t\n\xd9\x84\x87\x0f\x8c5\x9e\x88aT\xff\xfb\x7f\x18" (<class 'bytes'>)
prv_meta: b'\x00\xe0J\xe2\x80\x00' (<class 'bytes'>)
metadata: [b'\x00', b'\xe0', b'J', b'\xe2', b'\x80', b'\x00']
prv_log_ptr: 128 (<class 'int'>)
prv_cflog: b'\xfe\xdfb\xe1b\xe1R\xe1T\xe1V\xe1Z\xe1\\\xe1b\xe1d\xe1d\xe1\xce\xe0\xfc\xe0z\xe0\xca\xe0N\xe1T\xe1V\xe1Z\xe1^\xe1b\xe1R\xe1T\xe1V\xe1Z\xe1\\\xe1b\xe1R\xe1T\xe1V\xe1Z\xe1\\\xe1b\xe1d\xe1d\xe1\xce\xe0\xfc\xe0z\xe0\xca\xe0N\xe1T\xe1V\xe1Z\xe1\\\xe1b\xe1R\xe1T\xe1V\xe1Z\xe1\\\xe1b\xe1R\xe1T\xe1V\xe1Z\xe1\\\xe1b\xe1d\xe1d\xe1\xce\xe0\xfc\xe0z\xe0\xca\xe0N\xe1T\xe1V\xe1Z\xe1^\xe1b\xe1R\xe1T\xe1V\xe1Z\xe1^\xe1b\xe1R\xe1T\xe1V\xe1Z\xe1^\xe1b\xe1R\xe1T\xe1V\xe1Z\xe1\\\xe1b\xe1d\xe1d\xe1\xce\xe0\xfc\xe0\xfe\xe0\x08\xe1R\xe0x\xe0\xf8\xe0\xfc\xe0z\xe0\xca\xe0N\xe1T\xe1V\xe1Z\xe1\\\xe1b\xe1R\xe1T\xe1V\xe1Z\xe1^\xe1b\xe1R\xe1T\xe1V\xe1Z\xe1\\\xe1b\xe1d\xe1d\xe1\xce\xe0\xfc\xe0z\xe0\xca\xe0N\xe1T\xe1V\xe1Z\xe1\x00\xa0' (<class 'bytes'>)
256
256
----- parsing message: create 7.cflog -----
256
128
dffe:e162
e162:e152
e154:e156
e15a:e15c
e162:e164
e164:e0ce
e0fc:e07a
e0ca:e14e
e154:e156
e15a:e15e
e162:e152
e154:e156
e15a:e15c
e162:e152
e154:e156
e15a:e15c
e162:e164
e164:e0ce
e0fc:e07a
e0ca:e14e
e154:e156
e15a:e15c
e162:e152
e154:e156
e15a:e15c
e162:e152
e154:e156
e15a:e15c
e162:e164
e164:e0ce
e0fc:e07a
e0ca:e14e
e154:e156
e15a:e15e
e162:e152
e154:e156
e15a:e15e
e162:e152
e154:e156
e15a:e15e
e162:e152
e154:e156
e15a:e15c
e162:e164
e164:e0ce
e0fc:e0fe
e108:e052
e078:e0f8
e0fc:e07a
e0ca:e14e
e154:e156
e15a:e15c
e162:e152
e154:e156
e15a:e15e
e162:e152
e154:e156
e15a:e15c
e162:e164
e164:e0ce
e0fc:e07a
e0ca:e14e
e154:e156
e15a:a000

---- (4) Verify ACFA Report ----
-- Comparing MACs
-- hmac(k,
--      pmem,
--      chal,
--      metadata,
--      cflog
--      )
Expected MAC: b"'V/\xec\xb1T\xb1%\x93g\x13\xe2\x8d\x87\xbf\x85\t\n\xd9\x84\x87\x0f\x8c5\x9e\x88aT\xff\xfb\x7f\x18"
mac   prv_mac
b"'"   b"'"
b'V'   b'V'
b'/'   b'/'
b'\xec'   b'\xec'
b'\xb1'   b'\xb1'
b'T'   b'T'
b'\xb1'   b'\xb1'
b'%'   b'%'
b'\x93'   b'\x93'
b'g'   b'g'
b'\x13'   b'\x13'
b'\xe2'   b'\xe2'
b'\x8d'   b'\x8d'
b'\x87'   b'\x87'
b'\xbf'   b'\xbf'
b'\x85'   b'\x85'
b'\t'   b'\t'
b'\n'   b'\n'
b'\xd9'   b'\xd9'
b'\x84'   b'\x84'
b'\x87'   b'\x87'
b'\x0f'   b'\x0f'
b'\x8c'   b'\x8c'
b'5'   b'5'
b'\x9e'   b'\x9e'
b'\x88'   b'\x88'
b'a'   b'a'
b'T'   b'T'
b'\xff'   b'\xff'
b'\xfb'   b'\xfb'
b'\x7f'   b'\x7f'
b'\x18'   b'\x18'
Pass Verification (app=1)
---- (5) Generate Chal' and Auth ----

---- (6) Send ACFA response ----
echo (app): b'\x01'
new_chal: b'HBCDEFGHIJKLMNOPQRSTUVWXYZ[\\]^_`'
echo (prv_chal): 
b'HBCDEFGHIJKLMNOPQRSTUVWXYZ[\\]^_`' (<class 'bytes'>)
echo (aermin): b'\xe0\x00' (<class 'bytes'>)
expected (aermin) b'\xe0\x00'

echo (aermax): b'\xe2J' (<class 'bytes'>)
expected (aermax) b'\xe2J'

auth: b'\xee\x84:\x1c\xddD\xb1\xce\xe7!ue$\x8f\x8cr\xb3\xea\xce7\x17\x0fR\xf9\xa4,\xc1\x886V\xf0b'
echo (auth): b'\xee\x84:\x1c\xddD\xb1\xce\xe7!ue$\x8f\x8cr\xb3\xea\xce7\x17\x0fR\xf9\xa4,\xc1\x886V\xf0b' (<class 'bytes'>)
expected (auth) b'\xee\x84:\x1c\xddD\xb1\xce\xe7!ue$\x8f\x8cr\xb3\xea\xce7\x17\x0fR\xf9\xa4,\xc1\x886V\xf0b'

prv auth: 
b'\xee\x84:\x1c\xddD\xb1\xce\xe7!ue$\x8f\x8cr\xb3\xea\xce7\x17\x0fR\xf9\xa4,\xc1\x886V\xf0b' (<class 'bytes'>)
Prv ACCEPTS response from Vrf
out: b'\x01'
echo old (*(CHAL_BASE)): b'GBCDEFGHIJKLMNOPQRSTUVWXYZ[\\]^_`' (<class 'bytes'>)

echo (*(CHAL_BASE)): b'HBCDEFGHIJKLMNOPQRSTUVWXYZ[\\]^_`' (<class 'bytes'>)
expected (*(CHAL_BASE)): b'HBCDEFGHIJKLMNOPQRSTUVWXYZ[\\]^_`'
echo (pmem[0:15]): b'UB \x015\xd0\x08Z\x82E\x00\x181@\x00h' (<class 'bytes'>)

------------------- ROUND TIMING (S) ---------------------------
Steps 1-3:	Receive initial response (P --> V): 0.3194110719996388
   Step 4:	Vrf runs verification: 0.0009446789990761317
		--Parse & verify CF-Log: 0.0007065379995765397
		--Verify hmac: 0.000238140999499592
   Step 5:	Vrf Generate & response : 9.981999937735964e-06
   Step 6:	Vrf Send response (V --> P): 0.20715624500007834
Steps 7-9:	Prv authenticate and decide next action: 0.09659838200059312
Elapsed time: 0.527521977998731
last=False
----------------------------------------------------------------
 
---- Iteration 8 ----
cur chal: b'HBCDEFGHIJKLMNOPQRSTUVWXYZ[\\]^_`'

---- (3) Reading ACFA Report from Prv ----
prv_mac: b'\x07\xaf}\xd0\xbb\x0c\xd0\xed\xf6\x07\x0e\x88M\\\xb1\x1c_\xec\x0c4CXZ\x14Lm\xed\xaf\x91\xd4t1' (<class 'bytes'>)
prv_meta: b'\x00\xe0J\xe2\x80\x00' (<class 'bytes'>)
metadata: [b'\x00', b'\xe0', b'J', b'\xe2', b'\x80', b'\x00']
prv_log_ptr: 128 (<class 'int'>)
prv_cflog: b'\xfe\xdfZ\xe1Z\xe1^\xe1b\xe1R\xe1T\xe1V\xe1Z\xe1\\\xe1b\xe1R\xe1T\xe1V\xe1Z\xe1\\\xe1b\xe1d\xe1d\xe1\xce\xe0\xfc\xe0z\xe0\xca\xe0N\xe1T\xe1V\xe1Z\xe1\\\xe1b\xe1R\xe1T\xe1V\xe1Z\xe1\\\xe1b\xe1R\xe1T\xe1V\xe1Z\xe1\\\xe1b\xe1d\xe1d\xe1\xce\xe0\xfc\xe0z\xe0\xca\xe0N\xe1T\xe1V\xe1Z\xe1^\xe1b\xe1R\xe1T\xe1V\xe1Z\xe1^\xe1b\xe1R\xe1T\xe1V\xe1Z\xe1^\xe1b\xe1R\xe1T\xe1V\xe1Z\xe1\\\xe1b\xe1d\xe1d\xe1\xce\xe0\xfc\xe0\xfe\xe0\x08\xe1\n\xe1\x14\xe1L\xe0P\xe0\x02\xe1\x08\xe1R\xe0x\xe0\xf8\xe0\xfc\xe0z\xe0\xca\xe0N\xe1T\xe1V\xe1Z\xe1\\\xe1b\xe1R\xe1T\xe1V\xe1Z\xe1^\xe1b\xe1R\xe1T\xe1V\xe1Z\xe1^\xe1b\xe1R\xe1T\xe1V\xe1Z\xe1\\\xe1b\xe1d\xe1d\xe1\xce\xe0\xfc\xe0z\xe0\xca\xe0N\xe1T\xe1V\xe1Z\xe1^\xe1b\xe1R\xe1V\xe1\x00\xa0' (<class 'bytes'>)
256
256
----- parsing message: create 8.cflog -----
256
128
dffe:e15a
e15a:e15e
e162:e152
e154:e156
e15a:e15c
e162:e152
e154:e156
e15a:e15c
e162:e164
e164:e0ce
e0fc:e07a
e0ca:e14e
e154:e156
e15a:e15c
e162:e152
e154:e156
e15a:e15c
e162:e152
e154:e156
e15a:e15c
e162:e164
e164:e0ce
e0fc:e07a
e0ca:e14e
e154:e156
e15a:e15e
e162:e152
e154:e156
e15a:e15e
e162:e152
e154:e156
e15a:e15e
e162:e152
e154:e156
e15a:e15c
e162:e164
e164:e0ce
e0fc:e0fe
e108:e10a
e114:e04c
e050:e102
e108:e052
e078:e0f8
e0fc:e07a
e0ca:e14e
e154:e156
e15a:e15c
e162:e152
e154:e156
e15a:e15e
e162:e152
e154:e156
e15a:e15e
e162:e152
e154:e156
e15a:e15c
e162:e164
e164:e0ce
e0fc:e07a
e0ca:e14e
e154:e156
e15a:e15e
e162:e152
e156:a000

---- (4) Verify ACFA Report ----
-- Comparing MACs
-- hmac(k,
--      pmem,
--      chal,
--      metadata,
--      cflog
--      )
Expected MAC: b'\x07\xaf}\xd0\xbb\x0c\xd0\xed\xf6\x07\x0e\x88M\\\xb1\x1c_\xec\x0c4CXZ\x14Lm\xed\xaf\x91\xd4t1'
mac   prv_mac
b'\x07'   b'\x07'
b'\xaf'   b'\xaf'
b'}'   b'}'
b'\xd0'   b'\xd0'
b'\xbb'   b'\xbb'
b'\x0c'   b'\x0c'
b'\xd0'   b'\xd0'
b'\xed'   b'\xed'
b'\xf6'   b'\xf6'
b'\x07'   b'\x07'
b'\x0e'   b'\x0e'
b'\x88'   b'\x88'
b'M'   b'M'
b'\\'   b'\\'
b'\xb1'   b'\xb1'
b'\x1c'   b'\x1c'
b'_'   b'_'
b'\xec'   b'\xec'
b'\x0c'   b'\x0c'
b'4'   b'4'
b'C'   b'C'
b'X'   b'X'
b'Z'   b'Z'
b'\x14'   b'\x14'
b'L'   b'L'
b'm'   b'm'
b'\xed'   b'\xed'
b'\xaf'   b'\xaf'
b'\x91'   b'\x91'
b'\xd4'   b'\xd4'
b't'   b't'
b'1'   b'1'
Pass Verification (app=1)
---- (5) Generate Chal' and Auth ----

---- (6) Send ACFA response ----
echo (app): b'\x01'
new_chal: b'IBCDEFGHIJKLMNOPQRSTUVWXYZ[\\]^_`'
echo (prv_chal): 
b'IBCDEFGHIJKLMNOPQRSTUVWXYZ[\\]^_`' (<class 'bytes'>)
echo (aermin): b'\xe0\x00' (<class 'bytes'>)
expected (aermin) b'\xe0\x00'

echo (aermax): b'\xe2J' (<class 'bytes'>)
expected (aermax) b'\xe2J'

auth: b'd\\\x9d+~\xf9\xe3\x08\x9be\xcaN\xd3\xcc\xb2\\\x9f\xea\xc2\xc1\x9a(\x87!\xae\x7f\xf0Gul\xc0\x81'
echo (auth): b'd\\\x9d+~\xf9\xe3\x08\x9be\xcaN\xd3\xcc\xb2\\\x9f\xea\xc2\xc1\x9a(\x87!\xae\x7f\xf0Gul\xc0\x81' (<class 'bytes'>)
expected (auth) b'd\\\x9d+~\xf9\xe3\x08\x9be\xcaN\xd3\xcc\xb2\\\x9f\xea\xc2\xc1\x9a(\x87!\xae\x7f\xf0Gul\xc0\x81'

prv auth: 
b'd\\\x9d+~\xf9\xe3\x08\x9be\xcaN\xd3\xcc\xb2\\\x9f\xea\xc2\xc1\x9a(\x87!\xae\x7f\xf0Gul\xc0\x81' (<class 'bytes'>)
Prv ACCEPTS response from Vrf
out: b'\x01'
echo old (*(CHAL_BASE)): b'HBCDEFGHIJKLMNOPQRSTUVWXYZ[\\]^_`' (<class 'bytes'>)

echo (*(CHAL_BASE)): b'IBCDEFGHIJKLMNOPQRSTUVWXYZ[\\]^_`' (<class 'bytes'>)
expected (*(CHAL_BASE)): b'IBCDEFGHIJKLMNOPQRSTUVWXYZ[\\]^_`'
echo (pmem[0:15]): b'UB \x015\xd0\x08Z\x82E\x00\x181@\x00h' (<class 'bytes'>)

------------------- ROUND TIMING (S) ---------------------------
Steps 1-3:	Receive initial response (P --> V): 0.3198076039998341
   Step 4:	Vrf runs verification: 0.0011926019988095504
		--Parse & verify CF-Log: 0.0010723469995355117
		--Verify hmac: 0.00012025499927403871
   Step 5:	Vrf Generate & response : 1.0821000614669174e-05
   Step 6:	Vrf Send response (V --> P): 0.20690095000009023
Steps 7-9:	Prv authenticate and decide next action: 0.09574965100000554
Elapsed time: 0.5279119769993486
last=False
----------------------------------------------------------------
 
---- Iteration 9 ----
cur chal: b'IBCDEFGHIJKLMNOPQRSTUVWXYZ[\\]^_`'

---- (3) Reading ACFA Report from Prv ----
prv_mac: b'\xa0v\xef\xf6\xf2\x1e\x1d\x9bY\xefg\xa7g\xc0\x00fi\xef;\x13G\xfeFI\xc4\xeb\x07\xd2\xae\\\xee\x0b' (<class 'bytes'>)
prv_meta: b'\x00\xe0J\xe2\x80\x00' (<class 'bytes'>)
metadata: [b'\x00', b'\xe0', b'J', b'\xe2', b'\x80', b'\x00']
prv_log_ptr: 128 (<class 'int'>)
prv_cflog: b'\xfe\xdfV\xe1Z\xe1\\\xe1b\xe1R\xe1T\xe1V\xe1Z\xe1^\xe1b\xe1R\xe1T\xe1V\xe1Z\xe1\\\xe1b\xe1d\xe1d\xe1\xce\xe0\xfc\xe0z\xe0\xca\xe0N\xe1T\xe1V\xe1Z\xe1\\\xe1b\xe1R\xe1T\xe1V\xe1Z\xe1\\\xe1b\xe1R\xe1T\xe1V\xe1Z\xe1^\xe1b\xe1R\xe1T\xe1V\xe1Z\xe1\\\xe1b\xe1d\xe1d\xe1\xce\xe0\xfc\xe0z\xe0\xca\xe0N\xe1T\xe1V\xe1Z\xe1^\xe1b\xe1R\xe1T\xe1V\xe1Z\xe1^\xe1b\xe1R\xe1T\xe1V\xe1Z\xe1\\\xe1b\xe1R\xe1T\xe1V\xe1Z\xe1\\\xe1b\xe1d\xe1d\xe1\xce\xe0\xfc\xe0\xfe\xe0\x08\xe1R\xe0x\xe0\xf8\xe0\xfc\xe0z\xe0\xca\xe0N\xe1T\xe1V\xe1Z\xe1\\\xe1b\xe1R\xe1T\xe1V\xe1Z\xe1^\xe1b\xe1R\xe1T\xe1V\xe1Z\xe1^\xe1b\xe1R\xe1T\xe1V\xe1Z\xe1\\\xe1b\xe1d\xe1d\xe1\xce\xe0\xfc\xe0z\xe0\xca\xe0N\xe1T\xe1V\xe1Z\xe1^\xe1b\xe1R\xe1V\xe1\x00\xa0' (<class 'bytes'>)
256
256
----- parsing message: create 9.cflog -----
256
128
dffe:e156
e15a:e15c
e162:e152
e154:e156
e15a:e15e
e162:e152
e154:e156
e15a:e15c
e162:e164
e164:e0ce
e0fc:e07a
e0ca:e14e
e154:e156
e15a:e15c
e162:e152
e154:e156
e15a:e15c
e162:e152
e154:e156
e15a:e15e
e162:e152
e154:e156
e15a:e15c
e162:e164
e164:e0ce
e0fc:e07a
e0ca:e14e
e154:e156
e15a:e15e
e162:e152
e154:e156
e15a:e15e
e162:e152
e154:e156
e15a:e15c
e162:e152
e154:e156
e15a:e15c
e162:e164
e164:e0ce
e0fc:e0fe
e108:e052
e078:e0f8
e0fc:e07a
e0ca:e14e
e154:e156
e15a:e15c
e162:e152
e154:e156
e15a:e15e
e162:e152
e154:e156
e15a:e15e
e162:e152
e154:e156
e15a:e15c
e162:e164
e164:e0ce
e0fc:e07a
e0ca:e14e
e154:e156
e15a:e15e
e162:e152
e156:a000

---- (4) Verify ACFA Report ----
-- Comparing MACs
-- hmac(k,
--      pmem,
--      chal,
--      metadata,
--      cflog
--      )
Expected MAC: b'\xa0v\xef\xf6\xf2\x1e\x1d\x9bY\xefg\xa7g\xc0\x00fi\xef;\x13G\xfeFI\xc4\xeb\x07\xd2\xae\\\xee\x0b'
mac   prv_mac
b'\xa0'   b'\xa0'
b'v'   b'v'
b'\xef'   b'\xef'
b'\xf6'   b'\xf6'
b'\xf2'   b'\xf2'
b'\x1e'   b'\x1e'
b'\x1d'   b'\x1d'
b'\x9b'   b'\x9b'
b'Y'   b'Y'
b'\xef'   b'\xef'
b'g'   b'g'
b'\xa7'   b'\xa7'
b'g'   b'g'
b'\xc0'   b'\xc0'
b'\x00'   b'\x00'
b'f'   b'f'
b'i'   b'i'
b'\xef'   b'\xef'
b';'   b';'
b'\x13'   b'\x13'
b'G'   b'G'
b'\xfe'   b'\xfe'
b'F'   b'F'
b'I'   b'I'
b'\xc4'   b'\xc4'
b'\xeb'   b'\xeb'
b'\x07'   b'\x07'
b'\xd2'   b'\xd2'
b'\xae'   b'\xae'
b'\\'   b'\\'
b'\xee'   b'\xee'
b'\x0b'   b'\x0b'
Pass Verification (app=1)
---- (5) Generate Chal' and Auth ----

---- (6) Send ACFA response ----
echo (app): b'\x00'
new_chal: b'JBCDEFGHIJKLMNOPQRSTUVWXYZ[\\]^_`'
echo (prv_chal): 
b'JBCDEFGHIJKLMNOPQRSTUVWXYZ[\\]^_`' (<class 'bytes'>)
echo (aermin): b'\xe0\x00' (<class 'bytes'>)
expected (aermin) b'\xe0\x00'

echo (aermax): b'\xe2J' (<class 'bytes'>)
expected (aermax) b'\xe2J'

auth: b'\xa6\xe0\xc9g\x04M\xac\xe3\x16\xdc&\xa3\x1b\xa3l\xc4O\xb2\x9chCg.\xab\xcai\xb6\nE\xb8z\xaa'
echo (auth): b'\xa6\xe0\xc9g\x04M\xac\xe3\x16\xdc&\xa3\x1b\xa3l\xc4O\xb2\x9chCg.\xab\xcai\xb6\nE\xb8z\xaa' (<class 'bytes'>)
expected (auth) b'\xa6\xe0\xc9g\x04M\xac\xe3\x16\xdc&\xa3\x1b\xa3l\xc4O\xb2\x9chCg.\xab\xcai\xb6\nE\xb8z\xaa'

prv auth: 
b'\xa6\xe0\xc9g\x04M\xac\xe3\x16\xdc&\xa3\x1b\xa3l\xc4O\xb2\x9chCg.\xab\xcai\xb6\nE\xb8z\xaa' (<class 'bytes'>)
Prv ACCEPTS response from Vrf
out: b'\x01'
------------------- ROUND TIMING (S) ---------------------------
Steps 1-3:	Receive initial response (P --> V): 0.3197878219998529
   Step 4:	Vrf runs verification: 0.0006963690002521616
		--Parse & verify CF-Log: 0.0006166209996081307
		--Verify hmac: 7.974800064403098e-05
   Step 5:	Vrf Generate & response : 1.0461999409017153e-05
   Step 6:	Vrf Send response (V --> P): 0.2076383439998608
Steps 7-9:	Prv authenticate and decide next action: 0.09549354199953086
Elapsed time: 0.5281329969993749
last=False
----------------------------------------------------------------
 
--------------------------------------------------
Average Protocol Run Time (10 reports)
Round | Steps 1-3 | Step 4 | Step 5 | Step 6 | Step 7-9
0   0.04788935699980357   0.001137591000770044   2.1062999621790368e-05   0.20706039800006693   0.09573183599968615   
1   0.32007163600064814   0.0015121710011953837   1.2642000001505949e-05   0.20621734999986074   0.09599568000066938   
2   0.32004898600007436   0.0007949999999254942   1.1957000424445141e-05   0.20700110600046173   0.09596473700003116   
3   0.3202872279998701   0.001288698001189914   1.301300017075846e-05   0.20607429600022442   0.09640170200054854   
4   0.3201199369996175   0.0024519180005881935   4.527199962467421e-05   0.20470979099991382   0.09590704499987623   
5   0.31974065199938195   0.0008049429998209234   1.3093000234221108e-05   0.20709275599983812   0.09597848999965208   
6   0.319784895000339   0.0008121540004140115   7.145600011426723e-05   0.20796936599981564   0.0949839670001893   
7   0.3194110719996388   0.0009446789990761317   9.981999937735964e-06   0.20715624500007834   0.09659838200059312   
8   0.3198076039998341   0.0011926019988095504   1.0821000614669174e-05   0.20690095000009023   0.09574965100000554   
9   0.3197878219998529   0.0006963690002521616   1.0461999409017153e-05   0.2076383439998608   0.09549354199953086   
--------------------------------------------------
 
