---- Iteration 0 ----
cur chal: b'\x00\x00\x00\x00\x00\x00\x00\x00\x00\x00\x00\x00\x00\x00\x00\x00\x00\x00\x00\x00\x00\x00\x00\x00\x00\x00\x00\x00\x00\x00\x00\x00'

---- (3) Reading ACFA Report from Prv ----
prv_mac: b'\x80[\xfd\x18\x12#\t\xf8h\xf2}\xc1\x859Fz\x9aY\x85\xec;-\x81Q\xc9\xb4\x12b#\xe0\x91\x82' (<class 'bytes'>)
prv_meta: b'\x00\x00\x00\x00\x02\x00' (<class 'bytes'>)
metadata: [b'\x00', b'\x00', b'\x00', b'\x00', b'\x02', b'\x00']
prv_log_ptr: 2 (<class 'int'>)
prv_cflog: b'@\xe0\x00\xa0' (<class 'bytes'>)
4
4
----- parsing message: create 0.cflog -----
4
2
e040:a000

---- (4) Verify ACFA Report ----
-- Comparing MACs
-- hmac(k,
--      pmem,
--      chal,
--      metadata,
--      cflog
--      )
Expected MAC: b'\x80[\xfd\x18\x12#\t\xf8h\xf2}\xc1\x859Fz\x9aY\x85\xec;-\x81Q\xc9\xb4\x12b#\xe0\x91\x82'
mac   prv_mac
b'\x80'   b'\x80'
b'['   b'['
b'\xfd'   b'\xfd'
b'\x18'   b'\x18'
b'\x12'   b'\x12'
b'#'   b'#'
b'\t'   b'\t'
b'\xf8'   b'\xf8'
b'h'   b'h'
b'\xf2'   b'\xf2'
b'}'   b'}'
b'\xc1'   b'\xc1'
b'\x85'   b'\x85'
b'9'   b'9'
b'F'   b'F'
b'z'   b'z'
b'\x9a'   b'\x9a'
b'Y'   b'Y'
b'\x85'   b'\x85'
b'\xec'   b'\xec'
b';'   b';'
b'-'   b'-'
b'\x81'   b'\x81'
b'Q'   b'Q'
b'\xc9'   b'\xc9'
b'\xb4'   b'\xb4'
b'\x12'   b'\x12'
b'b'   b'b'
b'#'   b'#'
b'\xe0'   b'\xe0'
b'\x91'   b'\x91'
b'\x82'   b'\x82'
Pass Verification (app=1)
---- (5) Generate Chal' and Auth ----

---- (6) Send ACFA response ----
echo (app): b'\x01'
new_chal: b'ABCDEFGHIJKLMNOPQRSTUVWXYZ[\\]^_`'
echo (prv_chal): 
b'ABCDEFGHIJKLMNOPQRSTUVWXYZ[\\]^_`' (<class 'bytes'>)
echo (aermin): b'\xe0\x00' (<class 'bytes'>)
expected (aermin) b'\xe0\x00'

echo (aermax): b'\xe2J' (<class 'bytes'>)
expected (aermax) b'\xe2J'

auth: b"\xb3\x86:\xea\xb2\x0b\xcf?ne%\xa3;+`whj7\t):\x81\xeb'\x99UGX\xc3;D"
echo (auth): b"\xb3\x86:\xea\xb2\x0b\xcf?ne%\xa3;+`whj7\t):\x81\xeb'\x99UGX\xc3;D" (<class 'bytes'>)
expected (auth) b"\xb3\x86:\xea\xb2\x0b\xcf?ne%\xa3;+`whj7\t):\x81\xeb'\x99UGX\xc3;D"

prv auth: 
b"\xb3\x86:\xea\xb2\x0b\xcf?ne%\xa3;+`whj7\t):\x81\xeb'\x99UGX\xc3;D" (<class 'bytes'>)
Prv ACCEPTS response from Vrf
out: b'\x01'
echo old (*(CHAL_BASE)): b'\x00\x00\x00\x00\x00\x00\x00\x00\x00\x00\x00\x00\x00\x00\x00\x00\x00\x00\x00\x00\x00\x00\x00\x00\x00\x00\x00\x00\x00\x00\x00\x00' (<class 'bytes'>)

echo (*(CHAL_BASE)): b'ABCDEFGHIJKLMNOPQRSTUVWXYZ[\\]^_`' (<class 'bytes'>)
expected (*(CHAL_BASE)): b'ABCDEFGHIJKLMNOPQRSTUVWXYZ[\\]^_`'
echo (pmem[0:15]): b'UB \x015\xd0\x08Z\x82E\x0e\x181@\xe0' (<class 'bytes'>)

------------------- ROUND TIMING (S) ---------------------------
Steps 1-3:	Receive initial response (P --> V): 0.04796489799991832
   Step 4:	Vrf runs verification: 0.001526905000446277
		--Parse & verify CF-Log: 0.0013863640001545718
		--Verify hmac: 0.00014054100029170513
   Step 5:	Vrf Generate & response : 2.308000011908007e-05
   Step 6:	Vrf Send response (V --> P): 0.2061918260001221
Steps 7-9:	Prv authenticate and decide next action: 0.0960378260001562
Elapsed time: 0.25570670900060577
last=False
----------------------------------------------------------------
 
---- Iteration 1 ----
cur chal: b'ABCDEFGHIJKLMNOPQRSTUVWXYZ[\\]^_`'
